<?xml version="1.0" encoding="UTF-8"?>
<testsuite name="TestDemo" tests="1" skipped="0" failures="0" errors="0" timestamp="2022-11-26T08:44:49" hostname="leedeMacBook-Pro.local" time="0.027">
  <properties/>
  <testcase name="testFormat()" classname="TestDemo" time="0.027"/>
  <system-out><![CDATA[Sun Jul 23 00:00:00 CST 3922
]]></system-out>
  <system-err><![CDATA[]]></system-err>
</testsuite>
